<?xml version="1.0" encoding="UTF-8"?>
<testng-results ignored="0" total="1" passed="1" failed="0" skipped="0">
  <reporter-output>
  </reporter-output>
  <suite started-at="2020-06-24T23:25:10 BST" name="Default suite" finished-at="2020-06-24T23:25:39 BST" duration-ms="29310">
    <groups>
    </groups>
    <test started-at="2020-06-24T23:25:10 BST" name="Default test" finished-at="2020-06-24T23:25:39 BST" duration-ms="29310">
      <class name="tests.WebAppTests">
        <test-method is-config="true" signature="reportSetup()[pri:0, instance:tests.WebAppTests@2f7c2f4f]" started-at="2020-06-24T23:25:10 BST" name="reportSetup" finished-at="2020-06-24T23:25:10 BST" duration-ms="186" status="PASS">
          <reporter-output>
          </reporter-output>
        </test-method> <!-- reportSetup -->
        <test-method is-config="true" signature="setup()[pri:0, instance:tests.WebAppTests@2f7c2f4f]" started-at="2020-06-24T23:25:10 BST" name="setup" finished-at="2020-06-24T23:25:26 BST" duration-ms="15644" status="PASS">
          <reporter-output>
          </reporter-output>
        </test-method> <!-- setup -->
        <test-method signature="happyPath()[pri:0, instance:tests.WebAppTests@2f7c2f4f]" started-at="2020-06-24T23:25:26 BST" name="happyPath" finished-at="2020-06-24T23:25:36 BST" duration-ms="10717" status="PASS">
          <reporter-output>
          </reporter-output>
        </test-method> <!-- happyPath -->
        <test-method is-config="true" signature="closeBrowser(org.testng.ITestResult)[pri:0, instance:tests.WebAppTests@2f7c2f4f]" started-at="2020-06-24T23:25:36 BST" name="closeBrowser" finished-at="2020-06-24T23:25:38 BST" duration-ms="1259" status="PASS">
          <params>
            <param index="0">
              <value>
                <![CDATA[[TestResult name=happyPath status=SUCCESS method=WebAppTests.happyPath()[pri:0, instance:tests.WebAppTests@2f7c2f4f] output={null}]]]>
              </value>
            </param>
          </params>
          <reporter-output>
          </reporter-output>
        </test-method> <!-- closeBrowser -->
        <test-method is-config="true" signature="teardown()[pri:0, instance:tests.WebAppTests@2f7c2f4f]" started-at="2020-06-24T23:25:38 BST" name="teardown" finished-at="2020-06-24T23:25:39 BST" duration-ms="1664" status="PASS">
          <reporter-output>
          </reporter-output>
        </test-method> <!-- teardown -->
        <test-method is-config="true" signature="reportTeardown()[pri:0, instance:tests.WebAppTests@2f7c2f4f]" started-at="2020-06-24T23:25:39 BST" name="reportTeardown" finished-at="2020-06-24T23:25:39 BST" duration-ms="25" status="PASS">
          <reporter-output>
          </reporter-output>
        </test-method> <!-- reportTeardown -->
      </class> <!-- tests.WebAppTests -->
    </test> <!-- Default test -->
  </suite> <!-- Default suite -->
</testng-results>
